EDA Netlist Writer report for ParaleloSerie
Thu Jan 06 23:13:05 2022
Quartus Prime Version 17.0.0 Build 595 04/25/2017 SJ Lite Edition


---------------------
; Table of Contents ;
---------------------
  1. Legal Notice
  2. EDA Netlist Writer Summary
  3. EDA Netlist Writer Messages



----------------
; Legal Notice ;
----------------
Copyright (C) 2017  Intel Corporation. All rights reserved.
Your use of Intel Corporation's design tools, logic functions 
and other software and tools, and its AMPP partner logic 
functions, and any output files from any of the foregoing 
(including device programming or simulation files), and any 
associated documentation or information are expressly subject 
to the terms and conditions of the Intel Program License 
Subscription Agreement, the Intel Quartus Prime License Agreement,
the Intel MegaCore Function License Agreement, or other 
applicable license agreement, including, without limitation, 
that your use is for the sole purpose of programming logic 
devices manufactured by Intel and sold by Intel or its 
authorized distributors.  Please refer to the applicable 
agreement for further details.



+---------------------------------------------------------------+
; EDA Netlist Writer Summary                                    ;
+---------------------------+-----------------------------------+
; EDA Netlist Writer Status ; Failed - Thu Jan 06 23:13:05 2022 ;
; Revision Name             ; ParaleloSerie                     ;
; Top-level Entity Name     ; TOP                               ;
; Family                    ; Cyclone V                         ;
+---------------------------+-----------------------------------+


+-----------------------------+
; EDA Netlist Writer Messages ;
+-----------------------------+
Info: *******************************************************************
Info: Running Quartus Prime EDA Netlist Writer
    Info: Version 17.0.0 Build 595 04/25/2017 SJ Lite Edition
    Info: Copyright (C) 2017  Intel Corporation. All rights reserved.
    Info: Your use of Intel Corporation's design tools, logic functions 
    Info: and other software and tools, and its AMPP partner logic 
    Info: functions, and any output files from any of the foregoing 
    Info: (including device programming or simulation files), and any 
    Info: associated documentation or information are expressly subject 
    Info: to the terms and conditions of the Intel Program License 
    Info: Subscription Agreement, the Intel Quartus Prime License Agreement,
    Info: the Intel MegaCore Function License Agreement, or other 
    Info: applicable license agreement, including, without limitation, 
    Info: that your use is for the sole purpose of programming logic 
    Info: devices manufactured by Intel and sold by Intel or its 
    Info: authorized distributors.  Please refer to the applicable 
    Info: agreement for further details.
    Info: Processing started: Thu Jan 06 23:13:04 2022
Info: Command: quartus_eda --gen_testbench --tool=modelsim_oem --format=verilog --write_settings_files=off ParaleloSerie -c ParaleloSerie --vector_source=E:/DLP/Exemplos/ParaleloSerie/Waveform3.vwf --testbench_file=E:/DLP/Exemplos/ParaleloSerie/simulation/qsim/Waveform3.vwf.vt
Info (119006): Selected device 5CGXFC7C7F23C8 for design "ParaleloSerie"
Warning (18236): Number of processors has not been specified which may cause overloading on shared machines.  Set the global assignment NUM_PARALLEL_PROCESSORS in your QSF to an appropriate value for best performance.
Error (199013): HDL output file name "E:/DLP/Exemplos/ParaleloSerie/simulation/qsim/Waveform3.vwf.vt" used with --testbench_file option contains a non-existent directory path
Error (199014): Vector source file E:/DLP/Exemplos/ParaleloSerie/Waveform3.vwf specified with --testbench_vector_input_file option does not exist
Error: Quartus Prime EDA Netlist Writer was unsuccessful. 2 errors, 1 warning
    Error: Peak virtual memory: 4707 megabytes
    Error: Processing ended: Thu Jan 06 23:13:06 2022
    Error: Elapsed time: 00:00:02
    Error: Total CPU time (on all processors): 00:00:01


